2022-05-13 10:25:01.927  INFO 25768 --- [main] b.r.b.BankRateBootcoinServiceApplication : No active profile set, falling back to 1 default profile: "default"
2022-05-13 10:25:03.123  INFO 25768 --- [main] .s.d.r.c.RepositoryConfigurationDelegate : Multiple Spring Data modules found, entering strict repository configuration mode!
2022-05-13 10:25:03.126  INFO 25768 --- [main] .s.d.r.c.RepositoryConfigurationDelegate : Bootstrapping Spring Data Reactive MongoDB repositories in DEFAULT mode.
2022-05-13 10:25:03.491  INFO 25768 --- [main] .s.d.r.c.RepositoryConfigurationDelegate : Finished Spring Data repository scanning in 357 ms. Found 1 Reactive MongoDB repository interfaces.
2022-05-13 10:25:03.502  INFO 25768 --- [main] .s.d.r.c.RepositoryConfigurationDelegate : Multiple Spring Data modules found, entering strict repository configuration mode!
2022-05-13 10:25:03.502  INFO 25768 --- [main] .s.d.r.c.RepositoryConfigurationDelegate : Bootstrapping Spring Data MongoDB repositories in DEFAULT mode.
2022-05-13 10:25:03.511  INFO 25768 --- [main] .s.d.r.c.RepositoryConfigurationDelegate : Finished Spring Data repository scanning in 8 ms. Found 0 MongoDB repository interfaces.
2022-05-13 10:25:03.553  INFO 25768 --- [main] .s.d.r.c.RepositoryConfigurationDelegate : Multiple Spring Data modules found, entering strict repository configuration mode!
2022-05-13 10:25:03.556  INFO 25768 --- [main] .s.d.r.c.RepositoryConfigurationDelegate : Bootstrapping Spring Data Redis repositories in DEFAULT mode.
2022-05-13 10:25:03.574  INFO 25768 --- [main] .RepositoryConfigurationExtensionSupport : Spring Data Redis - Could not safely identify store assignment for repository candidate interface com.nttdata.bank.rate.bootcoin.repository.BankRateBootcoinRepository. If you want this repository to be a Redis repository, consider annotating your entities with one of these annotations: org.springframework.data.redis.core.RedisHash (preferred), or consider extending one of the following types with your repository: org.springframework.data.keyvalue.repository.KeyValueRepository.
2022-05-13 10:25:03.574  INFO 25768 --- [main] .s.d.r.c.RepositoryConfigurationDelegate : Finished Spring Data repository scanning in 5 ms. Found 0 Redis repository interfaces.
2022-05-13 10:25:04.788  INFO 25768 --- [main] o.s.cloud.context.scope.GenericScope     : BeanFactory id=15a17924-10f0-3d0b-a323-6c7c518f7774
2022-05-13 10:25:05.487  INFO 25768 --- [main] trationDelegate$BeanPostProcessorChecker : Bean 'org.springframework.cloud.client.loadbalancer.reactive.LoadBalancerBeanPostProcessorAutoConfiguration' of type [org.springframework.cloud.client.loadbalancer.reactive.LoadBalancerBeanPostProcessorAutoConfiguration] is not eligible for getting processed by all BeanPostProcessors (for example: not eligible for auto-proxying)
2022-05-13 10:25:05.505  INFO 25768 --- [main] trationDelegate$BeanPostProcessorChecker : Bean 'org.springframework.cloud.client.loadbalancer.reactive.LoadBalancerBeanPostProcessorAutoConfiguration$ReactorDeferringLoadBalancerFilterConfig' of type [org.springframework.cloud.client.loadbalancer.reactive.LoadBalancerBeanPostProcessorAutoConfiguration$ReactorDeferringLoadBalancerFilterConfig] is not eligible for getting processed by all BeanPostProcessors (for example: not eligible for auto-proxying)
2022-05-13 10:25:05.511  INFO 25768 --- [main] trationDelegate$BeanPostProcessorChecker : Bean 'reactorDeferringLoadBalancerExchangeFilterFunction' of type [org.springframework.cloud.client.loadbalancer.reactive.DeferringLoadBalancerExchangeFilterFunction] is not eligible for getting processed by all BeanPostProcessors (for example: not eligible for auto-proxying)
2022-05-13 10:25:06.519  INFO 25768 --- [main] o.s.b.w.embedded.tomcat.TomcatWebServer  : Tomcat initialized with port(s): 9091 (http)
2022-05-13 10:25:06.604  INFO 25768 --- [main] o.apache.catalina.core.StandardService   : Starting service [Tomcat]
2022-05-13 10:25:06.605  INFO 25768 --- [main] org.apache.catalina.core.StandardEngine  : Starting Servlet engine: [Apache Tomcat/9.0.62]
2022-05-13 10:25:07.173  INFO 25768 --- [main] o.a.c.c.C.[Tomcat].[localhost].[/]       : Initializing Spring embedded WebApplicationContext
2022-05-13 10:25:07.173  INFO 25768 --- [main] w.s.c.ServletWebServerApplicationContext : Root WebApplicationContext: initialization completed in 5231 ms
2022-05-13 10:25:08.192  INFO 25768 --- [main] org.mongodb.driver.cluster               : Cluster created with settings {hosts=[localhost:27017], mode=SINGLE, requiredClusterType=UNKNOWN, serverSelectionTimeout='30000 ms'}
2022-05-13 10:25:08.516  INFO 25768 --- [main] org.mongodb.driver.cluster               : Cluster created with settings {hosts=[localhost:27017], mode=SINGLE, requiredClusterType=UNKNOWN, serverSelectionTimeout='30000 ms'}
2022-05-13 10:25:08.688  INFO 25768 --- [cluster-ClusterId{value='627e7854fc9afa3ff0a02f9b', description='null'}-localhost:27017] org.mongodb.driver.connection            : Opened connection [connectionId{localValue:1, serverValue:21}] to localhost:27017
2022-05-13 10:25:08.688  INFO 25768 --- [cluster-rtt-ClusterId{value='627e7854fc9afa3ff0a02f9b', description='null'}-localhost:27017] org.mongodb.driver.connection            : Opened connection [connectionId{localValue:2, serverValue:18}] to localhost:27017
2022-05-13 10:25:08.688  INFO 25768 --- [cluster-ClusterId{value='627e7854fc9afa3ff0a02f9c', description='null'}-localhost:27017] org.mongodb.driver.connection            : Opened connection [connectionId{localValue:3, serverValue:19}] to localhost:27017
2022-05-13 10:25:08.688  INFO 25768 --- [cluster-rtt-ClusterId{value='627e7854fc9afa3ff0a02f9c', description='null'}-localhost:27017] org.mongodb.driver.connection            : Opened connection [connectionId{localValue:4, serverValue:20}] to localhost:27017
2022-05-13 10:25:08.689  INFO 25768 --- [cluster-ClusterId{value='627e7854fc9afa3ff0a02f9b', description='null'}-localhost:27017] org.mongodb.driver.cluster               : Monitor thread successfully connected to server with description ServerDescription{address=localhost:27017, type=STANDALONE, state=CONNECTED, ok=true, minWireVersion=0, maxWireVersion=13, maxDocumentSize=16777216, logicalSessionTimeoutMinutes=30, roundTripTimeNanos=117559900}
2022-05-13 10:25:08.689  INFO 25768 --- [cluster-ClusterId{value='627e7854fc9afa3ff0a02f9c', description='null'}-localhost:27017] org.mongodb.driver.cluster               : Monitor thread successfully connected to server with description ServerDescription{address=localhost:27017, type=STANDALONE, state=CONNECTED, ok=true, minWireVersion=0, maxWireVersion=13, maxDocumentSize=16777216, logicalSessionTimeoutMinutes=30, roundTripTimeNanos=116797500}
2022-05-13 10:25:08.771  WARN 25768 --- [main] o.s.data.convert.CustomConversions       : Registering converter from class java.time.LocalDateTime to class org.joda.time.LocalDateTime as reading converter although it doesn't convert from a store-supported type! You might want to check your annotation setup at the converter implementation.
2022-05-13 10:25:09.084  WARN 25768 --- [main] o.s.data.convert.CustomConversions       : Registering converter from class java.time.LocalDateTime to class org.joda.time.LocalDateTime as reading converter although it doesn't convert from a store-supported type! You might want to check your annotation setup at the converter implementation.
2022-05-13 10:25:15.935  INFO 25768 --- [main] DiscoveryClientOptionalArgsConfiguration : Eureka HTTP Client uses RestTemplate.
2022-05-13 10:25:22.378  WARN 25768 --- [main] iguration$LoadBalancerCaffeineWarnLogger : Spring Cloud LoadBalancer is currently working with the default cache. While this cache implementation is useful for development and tests, it's recommended to use Caffeine cache in production.You can switch to using Caffeine cache, by adding it and org.springframework.cache.caffeine.CaffeineCacheManager to the classpath.
2022-05-13 10:25:22.600  INFO 25768 --- [main] o.s.c.n.eureka.InstanceInfoFactory       : Setting initial instance status as: STARTING
2022-05-13 10:25:22.697  INFO 25768 --- [main] com.netflix.discovery.DiscoveryClient    : Initializing Eureka in region us-east-1
2022-05-13 10:25:22.706  INFO 25768 --- [main] c.n.d.s.r.aws.ConfigClusterResolver      : Resolving eureka endpoints via configuration
2022-05-13 10:25:22.761  INFO 25768 --- [main] com.netflix.discovery.DiscoveryClient    : Disable delta property : false
2022-05-13 10:25:22.761  INFO 25768 --- [main] com.netflix.discovery.DiscoveryClient    : Single vip registry refresh property : null
2022-05-13 10:25:22.761  INFO 25768 --- [main] com.netflix.discovery.DiscoveryClient    : Force full registry fetch : false
2022-05-13 10:25:22.761  INFO 25768 --- [main] com.netflix.discovery.DiscoveryClient    : Application is null : false
2022-05-13 10:25:22.762  INFO 25768 --- [main] com.netflix.discovery.DiscoveryClient    : Registered Applications size is zero : true
2022-05-13 10:25:22.762  INFO 25768 --- [main] com.netflix.discovery.DiscoveryClient    : Application version is -1: true
2022-05-13 10:25:22.762  INFO 25768 --- [main] com.netflix.discovery.DiscoveryClient    : Getting all instance registry info from the eureka server
2022-05-13 10:25:23.409  INFO 25768 --- [main] com.netflix.discovery.DiscoveryClient    : The response status is 200
2022-05-13 10:25:23.417  INFO 25768 --- [main] com.netflix.discovery.DiscoveryClient    : Starting heartbeat executor: renew interval is: 30
2022-05-13 10:25:23.429  INFO 25768 --- [main] c.n.discovery.InstanceInfoReplicator     : InstanceInfoReplicator onDemand update allowed rate per min is 4
2022-05-13 10:25:23.465  INFO 25768 --- [main] com.netflix.discovery.DiscoveryClient    : Discovery Client initialized at timestamp 1652455523464 with initial instances count: 1
2022-05-13 10:25:23.480  INFO 25768 --- [main] o.s.c.n.e.s.EurekaServiceRegistry        : Registering application BANK-RATE-BOOTCOIN-SERVICE with eureka with status UP
2022-05-13 10:25:23.481  INFO 25768 --- [main] com.netflix.discovery.DiscoveryClient    : Saw local status change event StatusChangeEvent [timestamp=1652455523481, current=UP, previous=STARTING]
2022-05-13 10:25:23.488  INFO 25768 --- [DiscoveryClient-InstanceInfoReplicator-0] com.netflix.discovery.DiscoveryClient    : DiscoveryClient_BANK-RATE-BOOTCOIN-SERVICE/host.docker.internal:bank-rate-bootcoin-service:9091: registering service...
2022-05-13 10:25:23.530  INFO 25768 --- [main] o.s.b.w.embedded.tomcat.TomcatWebServer  : Tomcat started on port(s): 9091 (http) with context path ''
2022-05-13 10:25:23.531  INFO 25768 --- [main] .s.c.n.e.s.EurekaAutoServiceRegistration : Updating port to 9091
2022-05-13 10:25:23.609  INFO 25768 --- [DiscoveryClient-InstanceInfoReplicator-0] com.netflix.discovery.DiscoveryClient    : DiscoveryClient_BANK-RATE-BOOTCOIN-SERVICE/host.docker.internal:bank-rate-bootcoin-service:9091 - registration status: 204
2022-05-13 10:25:28.040  INFO 25768 --- [main] b.r.b.BankRateBootcoinServiceApplication : Started BankRateBootcoinServiceApplication in 29.593 seconds (JVM running for 31.343)
2022-05-13 10:30:22.774  INFO 25768 --- [AsyncResolver-bootstrap-executor-0] c.n.d.s.r.aws.ConfigClusterResolver      : Resolving eureka endpoints via configuration
2022-05-13 10:30:45.480  INFO 25768 --- [http-nio-9091-exec-1] o.a.c.c.C.[Tomcat].[localhost].[/]       : Initializing Spring DispatcherServlet 'dispatcherServlet'
2022-05-13 10:30:45.480  INFO 25768 --- [http-nio-9091-exec-1] o.s.web.servlet.DispatcherServlet        : Initializing Servlet 'dispatcherServlet'
2022-05-13 10:30:45.497  INFO 25768 --- [http-nio-9091-exec-1] o.s.web.servlet.DispatcherServlet        : Completed initialization in 17 ms
2022-05-13 10:30:45.685  INFO 25768 --- [nioEventLoopGroup-2-3] org.mongodb.driver.connection            : Opened connection [connectionId{localValue:5, serverValue:91}] to localhost:27017
2022-05-13 10:33:44.128  INFO 25768 --- [RMI TCP Connection(16)-127.0.0.1] inMXBeanRegistrar$SpringApplicationAdmin : Application shutdown requested.
2022-05-13 10:33:44.131  INFO 25768 --- [RMI TCP Connection(16)-127.0.0.1] o.s.c.n.e.s.EurekaServiceRegistry        : Unregistering application BANK-RATE-BOOTCOIN-SERVICE with eureka with status DOWN
2022-05-13 10:33:44.132  INFO 25768 --- [RMI TCP Connection(16)-127.0.0.1] com.netflix.discovery.DiscoveryClient    : Saw local status change event StatusChangeEvent [timestamp=1652456024132, current=DOWN, previous=UP]
2022-05-13 10:33:44.132  INFO 25768 --- [DiscoveryClient-InstanceInfoReplicator-0] com.netflix.discovery.DiscoveryClient    : DiscoveryClient_BANK-RATE-BOOTCOIN-SERVICE/host.docker.internal:bank-rate-bootcoin-service:9091: registering service...
2022-05-13 10:33:44.140  INFO 25768 --- [DiscoveryClient-InstanceInfoReplicator-0] com.netflix.discovery.DiscoveryClient    : DiscoveryClient_BANK-RATE-BOOTCOIN-SERVICE/host.docker.internal:bank-rate-bootcoin-service:9091 - registration status: 204
2022-05-13 10:33:44.146  INFO 25768 --- [RMI TCP Connection(16)-127.0.0.1] o.apache.catalina.core.StandardService   : Stopping service [Tomcat]
2022-05-13 10:33:44.148  INFO 25768 --- [RMI TCP Connection(16)-127.0.0.1] o.a.c.c.C.[Tomcat].[localhost].[/]       : Destroying Spring FrameworkServlet 'dispatcherServlet'
2022-05-13 10:33:46.251  INFO 25768 --- [RMI TCP Connection(16)-127.0.0.1] com.netflix.discovery.DiscoveryClient    : Shutting down DiscoveryClient ...
2022-05-13 10:33:49.263  INFO 25768 --- [RMI TCP Connection(16)-127.0.0.1] com.netflix.discovery.DiscoveryClient    : Unregistering ...
2022-05-13 10:33:49.268  INFO 25768 --- [RMI TCP Connection(16)-127.0.0.1] com.netflix.discovery.DiscoveryClient    : DiscoveryClient_BANK-RATE-BOOTCOIN-SERVICE/host.docker.internal:bank-rate-bootcoin-service:9091 - deregister  status: 200
2022-05-13 10:33:49.318  INFO 25768 --- [RMI TCP Connection(16)-127.0.0.1] com.netflix.discovery.DiscoveryClient    : Completed shut down of DiscoveryClient
2022-05-13 10:35:11.637  INFO 24860 --- [main] b.r.b.BankRateBootcoinServiceApplication : No active profile set, falling back to 1 default profile: "default"
2022-05-13 10:35:12.118  INFO 24860 --- [main] .s.d.r.c.RepositoryConfigurationDelegate : Multiple Spring Data modules found, entering strict repository configuration mode!
2022-05-13 10:35:12.119  INFO 24860 --- [main] .s.d.r.c.RepositoryConfigurationDelegate : Bootstrapping Spring Data Reactive MongoDB repositories in DEFAULT mode.
2022-05-13 10:35:12.252  INFO 24860 --- [main] .s.d.r.c.RepositoryConfigurationDelegate : Finished Spring Data repository scanning in 127 ms. Found 1 Reactive MongoDB repository interfaces.
2022-05-13 10:35:12.258  INFO 24860 --- [main] .s.d.r.c.RepositoryConfigurationDelegate : Multiple Spring Data modules found, entering strict repository configuration mode!
2022-05-13 10:35:12.258  INFO 24860 --- [main] .s.d.r.c.RepositoryConfigurationDelegate : Bootstrapping Spring Data MongoDB repositories in DEFAULT mode.
2022-05-13 10:35:12.264  INFO 24860 --- [main] .s.d.r.c.RepositoryConfigurationDelegate : Finished Spring Data repository scanning in 4 ms. Found 0 MongoDB repository interfaces.
2022-05-13 10:35:12.275  INFO 24860 --- [main] .s.d.r.c.RepositoryConfigurationDelegate : Multiple Spring Data modules found, entering strict repository configuration mode!
2022-05-13 10:35:12.276  INFO 24860 --- [main] .s.d.r.c.RepositoryConfigurationDelegate : Bootstrapping Spring Data Redis repositories in DEFAULT mode.
2022-05-13 10:35:12.286  INFO 24860 --- [main] .RepositoryConfigurationExtensionSupport : Spring Data Redis - Could not safely identify store assignment for repository candidate interface com.nttdata.bank.rate.bootcoin.repository.BankRateBootcoinRepository. If you want this repository to be a Redis repository, consider annotating your entities with one of these annotations: org.springframework.data.redis.core.RedisHash (preferred), or consider extending one of the following types with your repository: org.springframework.data.keyvalue.repository.KeyValueRepository.
2022-05-13 10:35:12.286  INFO 24860 --- [main] .s.d.r.c.RepositoryConfigurationDelegate : Finished Spring Data repository scanning in 4 ms. Found 0 Redis repository interfaces.
2022-05-13 10:35:12.548  INFO 24860 --- [main] o.s.cloud.context.scope.GenericScope     : BeanFactory id=15a17924-10f0-3d0b-a323-6c7c518f7774
2022-05-13 10:35:12.786  INFO 24860 --- [main] trationDelegate$BeanPostProcessorChecker : Bean 'org.springframework.cloud.client.loadbalancer.reactive.LoadBalancerBeanPostProcessorAutoConfiguration' of type [org.springframework.cloud.client.loadbalancer.reactive.LoadBalancerBeanPostProcessorAutoConfiguration] is not eligible for getting processed by all BeanPostProcessors (for example: not eligible for auto-proxying)
2022-05-13 10:35:12.789  INFO 24860 --- [main] trationDelegate$BeanPostProcessorChecker : Bean 'org.springframework.cloud.client.loadbalancer.reactive.LoadBalancerBeanPostProcessorAutoConfiguration$ReactorDeferringLoadBalancerFilterConfig' of type [org.springframework.cloud.client.loadbalancer.reactive.LoadBalancerBeanPostProcessorAutoConfiguration$ReactorDeferringLoadBalancerFilterConfig] is not eligible for getting processed by all BeanPostProcessors (for example: not eligible for auto-proxying)
2022-05-13 10:35:12.793  INFO 24860 --- [main] trationDelegate$BeanPostProcessorChecker : Bean 'reactorDeferringLoadBalancerExchangeFilterFunction' of type [org.springframework.cloud.client.loadbalancer.reactive.DeferringLoadBalancerExchangeFilterFunction] is not eligible for getting processed by all BeanPostProcessors (for example: not eligible for auto-proxying)
2022-05-13 10:35:13.091  INFO 24860 --- [main] o.s.b.w.embedded.tomcat.TomcatWebServer  : Tomcat initialized with port(s): 9091 (http)
2022-05-13 10:35:13.101  INFO 24860 --- [main] o.apache.catalina.core.StandardService   : Starting service [Tomcat]
2022-05-13 10:35:13.101  INFO 24860 --- [main] org.apache.catalina.core.StandardEngine  : Starting Servlet engine: [Apache Tomcat/9.0.62]
2022-05-13 10:35:13.381  INFO 24860 --- [main] o.a.c.c.C.[Tomcat].[localhost].[/]       : Initializing Spring embedded WebApplicationContext
2022-05-13 10:35:13.382  INFO 24860 --- [main] w.s.c.ServletWebServerApplicationContext : Root WebApplicationContext: initialization completed in 1727 ms
2022-05-13 10:35:13.701  INFO 24860 --- [main] org.mongodb.driver.cluster               : Cluster created with settings {hosts=[localhost:27017], mode=SINGLE, requiredClusterType=UNKNOWN, serverSelectionTimeout='30000 ms'}
2022-05-13 10:35:13.806  INFO 24860 --- [main] org.mongodb.driver.cluster               : Cluster created with settings {hosts=[localhost:27017], mode=SINGLE, requiredClusterType=UNKNOWN, serverSelectionTimeout='30000 ms'}
2022-05-13 10:35:13.860  INFO 24860 --- [cluster-rtt-ClusterId{value='627e7ab1db6cc96234d26ad2', description='null'}-localhost:27017] org.mongodb.driver.connection            : Opened connection [connectionId{localValue:2, serverValue:93}] to localhost:27017
2022-05-13 10:35:13.860  INFO 24860 --- [cluster-ClusterId{value='627e7ab1db6cc96234d26ad2', description='null'}-localhost:27017] org.mongodb.driver.connection            : Opened connection [connectionId{localValue:1, serverValue:92}] to localhost:27017
2022-05-13 10:35:13.860  INFO 24860 --- [cluster-ClusterId{value='627e7ab1db6cc96234d26ad3', description='null'}-localhost:27017] org.mongodb.driver.connection            : Opened connection [connectionId{localValue:3, serverValue:94}] to localhost:27017
2022-05-13 10:35:13.860  INFO 24860 --- [cluster-rtt-ClusterId{value='627e7ab1db6cc96234d26ad3', description='null'}-localhost:27017] org.mongodb.driver.connection            : Opened connection [connectionId{localValue:4, serverValue:95}] to localhost:27017
2022-05-13 10:35:13.861  INFO 24860 --- [cluster-ClusterId{value='627e7ab1db6cc96234d26ad3', description='null'}-localhost:27017] org.mongodb.driver.cluster               : Monitor thread successfully connected to server with description ServerDescription{address=localhost:27017, type=STANDALONE, state=CONNECTED, ok=true, minWireVersion=0, maxWireVersion=13, maxDocumentSize=16777216, logicalSessionTimeoutMinutes=30, roundTripTimeNanos=51427500}
2022-05-13 10:35:13.861  INFO 24860 --- [cluster-ClusterId{value='627e7ab1db6cc96234d26ad2', description='null'}-localhost:27017] org.mongodb.driver.cluster               : Monitor thread successfully connected to server with description ServerDescription{address=localhost:27017, type=STANDALONE, state=CONNECTED, ok=true, minWireVersion=0, maxWireVersion=13, maxDocumentSize=16777216, logicalSessionTimeoutMinutes=30, roundTripTimeNanos=53035200}
2022-05-13 10:35:13.883  WARN 24860 --- [main] o.s.data.convert.CustomConversions       : Registering converter from class java.time.LocalDateTime to class org.joda.time.LocalDateTime as reading converter although it doesn't convert from a store-supported type! You might want to check your annotation setup at the converter implementation.
2022-05-13 10:35:14.018  WARN 24860 --- [main] o.s.data.convert.CustomConversions       : Registering converter from class java.time.LocalDateTime to class org.joda.time.LocalDateTime as reading converter although it doesn't convert from a store-supported type! You might want to check your annotation setup at the converter implementation.
2022-05-13 10:35:15.421  INFO 24860 --- [main] DiscoveryClientOptionalArgsConfiguration : Eureka HTTP Client uses RestTemplate.
2022-05-13 10:35:15.739  WARN 24860 --- [main] iguration$LoadBalancerCaffeineWarnLogger : Spring Cloud LoadBalancer is currently working with the default cache. While this cache implementation is useful for development and tests, it's recommended to use Caffeine cache in production.You can switch to using Caffeine cache, by adding it and org.springframework.cache.caffeine.CaffeineCacheManager to the classpath.
2022-05-13 10:35:15.826  INFO 24860 --- [main] o.s.c.n.eureka.InstanceInfoFactory       : Setting initial instance status as: STARTING
2022-05-13 10:35:15.870  INFO 24860 --- [main] com.netflix.discovery.DiscoveryClient    : Initializing Eureka in region us-east-1
2022-05-13 10:35:15.875  INFO 24860 --- [main] c.n.d.s.r.aws.ConfigClusterResolver      : Resolving eureka endpoints via configuration
2022-05-13 10:35:15.901  INFO 24860 --- [main] com.netflix.discovery.DiscoveryClient    : Disable delta property : false
2022-05-13 10:35:15.901  INFO 24860 --- [main] com.netflix.discovery.DiscoveryClient    : Single vip registry refresh property : null
2022-05-13 10:35:15.901  INFO 24860 --- [main] com.netflix.discovery.DiscoveryClient    : Force full registry fetch : false
2022-05-13 10:35:15.901  INFO 24860 --- [main] com.netflix.discovery.DiscoveryClient    : Application is null : false
2022-05-13 10:35:15.902  INFO 24860 --- [main] com.netflix.discovery.DiscoveryClient    : Registered Applications size is zero : true
2022-05-13 10:35:15.903  INFO 24860 --- [main] com.netflix.discovery.DiscoveryClient    : Application version is -1: true
2022-05-13 10:35:15.903  INFO 24860 --- [main] com.netflix.discovery.DiscoveryClient    : Getting all instance registry info from the eureka server
2022-05-13 10:35:16.101  INFO 24860 --- [main] com.netflix.discovery.DiscoveryClient    : The response status is 200
2022-05-13 10:35:16.107  INFO 24860 --- [main] com.netflix.discovery.DiscoveryClient    : Starting heartbeat executor: renew interval is: 30
2022-05-13 10:35:16.112  INFO 24860 --- [main] c.n.discovery.InstanceInfoReplicator     : InstanceInfoReplicator onDemand update allowed rate per min is 4
2022-05-13 10:35:16.123  INFO 24860 --- [main] com.netflix.discovery.DiscoveryClient    : Discovery Client initialized at timestamp 1652456116123 with initial instances count: 18
2022-05-13 10:35:16.131  INFO 24860 --- [main] o.s.c.n.e.s.EurekaServiceRegistry        : Registering application BANK-RATE-BOOTCOIN-SERVICE with eureka with status UP
2022-05-13 10:35:16.131  INFO 24860 --- [main] com.netflix.discovery.DiscoveryClient    : Saw local status change event StatusChangeEvent [timestamp=1652456116131, current=UP, previous=STARTING]
2022-05-13 10:35:16.132  INFO 24860 --- [DiscoveryClient-InstanceInfoReplicator-0] com.netflix.discovery.DiscoveryClient    : DiscoveryClient_BANK-RATE-BOOTCOIN-SERVICE/host.docker.internal:bank-rate-bootcoin-service:9091: registering service...
2022-05-13 10:35:16.147  INFO 24860 --- [main] o.s.b.w.embedded.tomcat.TomcatWebServer  : Tomcat started on port(s): 9091 (http) with context path ''
2022-05-13 10:35:16.147  INFO 24860 --- [main] .s.c.n.e.s.EurekaAutoServiceRegistration : Updating port to 9091
2022-05-13 10:35:16.165  INFO 24860 --- [DiscoveryClient-InstanceInfoReplicator-0] com.netflix.discovery.DiscoveryClient    : DiscoveryClient_BANK-RATE-BOOTCOIN-SERVICE/host.docker.internal:bank-rate-bootcoin-service:9091 - registration status: 204
2022-05-13 10:35:16.323  INFO 24860 --- [main] b.r.b.BankRateBootcoinServiceApplication : Started BankRateBootcoinServiceApplication in 6.673 seconds (JVM running for 7.353)
2022-05-13 10:37:59.323  INFO 24860 --- [http-nio-9091-exec-1] o.a.c.c.C.[Tomcat].[localhost].[/]       : Initializing Spring DispatcherServlet 'dispatcherServlet'
2022-05-13 10:37:59.324  INFO 24860 --- [http-nio-9091-exec-1] o.s.web.servlet.DispatcherServlet        : Initializing Servlet 'dispatcherServlet'
